<html>
<head>
<title>TestNG:  Hunter Ed Automation Run on Google Chrome(failed)</title>
<link href="../testng.css" rel="stylesheet" type="text/css" />
<link href="../my-testng.css" rel="stylesheet" type="text/css" />

<style type="text/css">
.log { display: none;} 
.stack-trace { display: none;} 
</style>
<script type="text/javascript">
<!--
function flip(e) {
  current = e.style.display;
  if (current == 'block') {
    e.style.display = 'none';
    return 0;
  }
  else {
    e.style.display = 'block';
    return 1;
  }
}

function toggleBox(szDivId, elem, msg1, msg2)
{
  var res = -1;  if (document.getElementById) {
    res = flip(document.getElementById(szDivId));
  }
  else if (document.all) {
    // this is the way old msie versions work
    res = flip(document.all[szDivId]);
  }
  if(elem) {
    if(res == 0) elem.innerHTML = msg1; else elem.innerHTML = msg2;
  }

}

function toggleAllBoxes() {
  if (document.getElementsByTagName) {
    d = document.getElementsByTagName('div');
    for (i = 0; i < d.length; i++) {
      if (d[i].className == 'log') {
        flip(d[i]);
      }
    }
  }
}

// -->
</script>

</head>
<body>
<h2 align='center'>Hunter Ed Automation Run on Google Chrome(failed)</h2><table border='1' align="center">
<tr>
<td>Tests passed/Failed/Skipped:</td><td>11/6/0</td>
</tr><tr>
<td>Started on:</td><td>Wed Jan 18 19:11:15 IST 2017</td>
</tr>
<tr><td>Total time:</td><td>3692 seconds (3692609 ms)</td>
</tr><tr>
<td>Included groups:</td><td></td>
</tr><tr>
<td>Excluded groups:</td><td></td>
</tr>
</table><p/>
<small><i>(Hover the method name to see the test class name)</i></small><p/>
<table width='100%' border='1' class='invocation-failed'>
<tr><td colspan='4' align='center'><b>FAILED TESTS</b></td></tr>
<tr><td><b>Test method</b></td>
<td width="30%"><b>Exception</b></td>
<td width="10%"><b>Time (seconds)</b></td>
<td><b>Instance</b></td>
</tr>
<tr>
<td title='courses.HunterEd.CertificateTest.Certificate_Email()'><b>Certificate_Email</b><br>Test class: courses.HunterEd.CertificateTest<br/>
<a href="#Output-1839001377" onClick='toggleBox("Output-1839001377", this, "Show output", "Hide output");'>Show output</a>

<a href="#Output-1839001377" onClick="toggleAllBoxes();">Show all outputs</a>
<div class='log' id="Output-1839001377">
====
Test 1 : Verify user is able to email certificate and certificate email is received by user with correct details
====<br/>
Step 1: Signing up as new User<br/>
Step 3 : Editing all fields (i.e. Gender, , Email Address, Mailing Address) and clicking on 'Update Profile' button<br/>
Step 2 : Navigating on KE Cousers Admin and performing 'Fast Forward Pass' and navigating back to Exam result page<br/>
Step 3 : Clicking on 'Complete the Application' button<br/>
-- Success !! 'Complete the Application' button is working as expected<br/>
Step 4 : On Application page - Stage 1 : Certification Information ,  updating User info, Contact info, navigating to Step 2 - Payment Informaiton page<br/>
-- Success !! user is navigated to step 2 ( i.e. Payment Information)<br/>
Step 5 : On Payment Information page - Stage 2 , entering data for CC & selecting billing address=Mailing address and clicking on 'Confirm Payment Information' button<br/>
Step 6 : On 'View Receipt' page, clicking on 'Get Your Proof of Home Study Voucher ' button<br/>
-- Success !! user is navigated to Course Compelte page i.e. https://qa1.hunter-ed.com/course/course_complete/<br/>
-- Success !! Course Completion message is correct i.e. You Have Completed the Arkansas Hunter Ed Course<br/>
Step 7 : On 'View Receipt' page, click on 'Email' button<br/>
-- Success !! Email sent confirmation message is correct i.e. ×
Your Online Course Completion Voucher has been sent to your e-mail address temp@testing.com.<br/>
Step 8 : Verifying whether Email is received by user or not<br/>
</div>
</td>
<td><div><pre>org.openqa.selenium.NoSuchElementException: no such element: Unable to locate element: {&quot;method&quot;:&quot;css selector&quot;,&quot;selector&quot;:&quot;div:nth-child(2) &gt; div.col-lg-6.col-md-6.col-sm-6.outermail &gt; div&quot;}
  (Session info: chrome=55.0.2883.87)
  (Driver info: chromedriver=2.24.417431 (9aea000394714d2fbb20850021f6204f2256b9cf),platform=Windows NT 6.1.7601 SP1 x86_64) (WARNING: The server did not provide any stacktrace information)
Command duration or timeout: 15.04 seconds
For documentation on this error, please visit: http://seleniumhq.org/exceptions/no_such_element.html
Build info: version: &apos;2.48.2&apos;, revision: &apos;41bccdd10cf2c0560f637404c2d96164b67d9d67&apos;, time: &apos;2015-10-09 13:08:06&apos;
System info: host: &apos;Sarfaraj_Doni&apos;, ip: &apos;169.254.112.137&apos;, os.name: &apos;Windows 7&apos;, os.arch: &apos;amd64&apos;, os.version: &apos;6.1&apos;, java.version: &apos;1.7.0_71&apos;
*** Element info: {Using=css selector, value=div:nth-child(2) &gt; div.col-lg-6.col-md-6.col-sm-6.outermail &gt; div}
Session ID: e3bda1fbd1b8aba26b66d952b7966ff7
Driver info: org.openqa.selenium.chrome.ChromeDriver
Capabilities [{platform=XP, acceptSslCerts=true, javascriptEnabled=true, browserName=chrome, chrome={userDataDir=C:\Users\SARFAR~1\AppData\Local\Temp\scoped_dir15260_3601, chromedriverVersion=2.24.417431 (9aea000394714d2fbb20850021f6204f2256b9cf)}, networkConnectionEnabled=false, rotatable=false, locationContextEnabled=true, mobileEmulationEnabled=false, version=55.0.2883.87, pageLoadStrategy=normal, takesHeapSnapshot=true, cssSelectorsEnabled=true, databaseEnabled=false, handlesAlerts=true, browserConnectionEnabled=false, webStorageEnabled=true, nativeEvents=true, hasTouchScreen=false, applicationCacheEnabled=false, takesScreenshot=true}]
	at org.openqa.selenium.remote.ErrorHandler.createThrowable(ErrorHandler.java:206)
	at org.openqa.selenium.remote.ErrorHandler.throwIfResponseFailed(ErrorHandler.java:158)
	at org.openqa.selenium.remote.RemoteWebDriver.execute(RemoteWebDriver.java:647)
	at org.openqa.selenium.remote.RemoteWebDriver.findElement(RemoteWebDriver.java:353)
	at org.openqa.selenium.remote.RemoteWebDriver.findElementByCssSelector(RemoteWebDriver.java:482)
	at org.openqa.selenium.By$ByCssSelector.findElement(By.java:430)
	at org.openqa.selenium.remote.RemoteWebDriver.findElement(RemoteWebDriver.java:345)
	at utility.SeleniumFunctions.GetElementText(SeleniumFunctions.java:178)
	at courses.HunterEd.CertificateTest.Certificate_Email(CertificateTest.java:302)
	at java.util.concurrent.ThreadPoolExecutor.runWorker(ThreadPoolExecutor.java:1145)
	at java.util.concurrent.ThreadPoolExecutor$Worker.run(ThreadPoolExecutor.java:615)
	at java.lang.Thread.run(Thread.java:745)
... Removed 14 stack frames</pre></div><a href='#' onClick='toggleBox("stack-trace1839001377", this, "Click to show all stack frames", "Click to hide stack frames")'>Click to show all stack frames</a>
<div class='stack-trace' id='stack-trace1839001377'><pre>org.openqa.selenium.NoSuchElementException: no such element: Unable to locate element: {&quot;method&quot;:&quot;css selector&quot;,&quot;selector&quot;:&quot;div:nth-child(2) &gt; div.col-lg-6.col-md-6.col-sm-6.outermail &gt; div&quot;}
  (Session info: chrome=55.0.2883.87)
  (Driver info: chromedriver=2.24.417431 (9aea000394714d2fbb20850021f6204f2256b9cf),platform=Windows NT 6.1.7601 SP1 x86_64) (WARNING: The server did not provide any stacktrace information)
Command duration or timeout: 15.04 seconds
For documentation on this error, please visit: http://seleniumhq.org/exceptions/no_such_element.html
Build info: version: &apos;2.48.2&apos;, revision: &apos;41bccdd10cf2c0560f637404c2d96164b67d9d67&apos;, time: &apos;2015-10-09 13:08:06&apos;
System info: host: &apos;Sarfaraj_Doni&apos;, ip: &apos;169.254.112.137&apos;, os.name: &apos;Windows 7&apos;, os.arch: &apos;amd64&apos;, os.version: &apos;6.1&apos;, java.version: &apos;1.7.0_71&apos;
*** Element info: {Using=css selector, value=div:nth-child(2) &gt; div.col-lg-6.col-md-6.col-sm-6.outermail &gt; div}
Session ID: e3bda1fbd1b8aba26b66d952b7966ff7
Driver info: org.openqa.selenium.chrome.ChromeDriver
Capabilities [{platform=XP, acceptSslCerts=true, javascriptEnabled=true, browserName=chrome, chrome={userDataDir=C:\Users\SARFAR~1\AppData\Local\Temp\scoped_dir15260_3601, chromedriverVersion=2.24.417431 (9aea000394714d2fbb20850021f6204f2256b9cf)}, networkConnectionEnabled=false, rotatable=false, locationContextEnabled=true, mobileEmulationEnabled=false, version=55.0.2883.87, pageLoadStrategy=normal, takesHeapSnapshot=true, cssSelectorsEnabled=true, databaseEnabled=false, handlesAlerts=true, browserConnectionEnabled=false, webStorageEnabled=true, nativeEvents=true, hasTouchScreen=false, applicationCacheEnabled=false, takesScreenshot=true}]
	at sun.reflect.NativeConstructorAccessorImpl.newInstance0(Native Method)
	at sun.reflect.NativeConstructorAccessorImpl.newInstance(NativeConstructorAccessorImpl.java:57)
	at sun.reflect.DelegatingConstructorAccessorImpl.newInstance(DelegatingConstructorAccessorImpl.java:45)
	at java.lang.reflect.Constructor.newInstance(Constructor.java:526)
	at org.openqa.selenium.remote.ErrorHandler.createThrowable(ErrorHandler.java:206)
	at org.openqa.selenium.remote.ErrorHandler.throwIfResponseFailed(ErrorHandler.java:158)
	at org.openqa.selenium.remote.RemoteWebDriver.execute(RemoteWebDriver.java:647)
	at org.openqa.selenium.remote.RemoteWebDriver.findElement(RemoteWebDriver.java:353)
	at org.openqa.selenium.remote.RemoteWebDriver.findElementByCssSelector(RemoteWebDriver.java:482)
	at org.openqa.selenium.By$ByCssSelector.findElement(By.java:430)
	at org.openqa.selenium.remote.RemoteWebDriver.findElement(RemoteWebDriver.java:345)
	at utility.SeleniumFunctions.GetElementText(SeleniumFunctions.java:178)
	at courses.HunterEd.CertificateTest.Certificate_Email(CertificateTest.java:302)
	at sun.reflect.NativeMethodAccessorImpl.invoke0(Native Method)
	at sun.reflect.NativeMethodAccessorImpl.invoke(NativeMethodAccessorImpl.java:57)
	at sun.reflect.DelegatingMethodAccessorImpl.invoke(DelegatingMethodAccessorImpl.java:43)
	at java.lang.reflect.Method.invoke(Method.java:606)
	at org.testng.internal.MethodInvocationHelper.invokeMethod(MethodInvocationHelper.java:84)
	at org.testng.internal.Invoker.invokeMethod(Invoker.java:714)
	at org.testng.internal.Invoker.invokeTestMethod(Invoker.java:901)
	at org.testng.internal.Invoker.invokeTestMethods(Invoker.java:1231)
	at org.testng.internal.TestMethodWorker.invokeTestMethods(TestMethodWorker.java:127)
	at org.testng.internal.TestMethodWorker.run(TestMethodWorker.java:111)
	at java.util.concurrent.ThreadPoolExecutor.runWorker(ThreadPoolExecutor.java:1145)
	at java.util.concurrent.ThreadPoolExecutor$Worker.run(ThreadPoolExecutor.java:615)
	at java.lang.Thread.run(Thread.java:745)
</pre></div></td>
<td>279</td>
<td>courses.HunterEd.CertificateTest@7380ce9c</td></tr>
<tr>
<td title='courses.HunterEd.ExamTest.FinalExam_MaxAttemptAL()'><b>FinalExam_MaxAttemptAL</b><br>Test class: courses.HunterEd.ExamTest<br/>
<a href="#Output-834620965" onClick='toggleBox("Output-834620965", this, "Show output", "Hide output");'>Show output</a>

<a href="#Output-834620965" onClick="toggleAllBoxes();">Show all outputs</a>
<div class='log' id="Output-834620965">
====
Test 14 :  Final Exam : To verify max exam attempts for Today's Hunter in Alabama Course 
====<br/>
Step 1: Signing up as new User<br/>
Step 2 : Editing all fields (i.e. Gender, , Email Address, Mailing Address) and clicking on 'Update Profile' button<br/>
Step 3 : Navigating on KE Cousers Admin and performing 'Fast Forward Fail' and navigating back to Exam result page<br/>
Step 4 : Verifying Final Exam result page when result = Fail<br/>
-- Success !! Correct page header i.e. Final Exam<br/>
-- Success !! user is allowed to attemp exam 2 times<br/>
-- Attempting exam 2 time<br/>
Step 4 : Verifying Final Exam result page when result = Fail<br/>
-- Success !! Correct page header i.e. Final Exam<br/>
-- Failure !! user is NOT allowed to attemp exam 2 times . Expected : You have now failed the Final Exam 1 time(s). You are allowed a total of 2 failures before you fail the entire course and will have to take the entire course again.Actual : You have now failed the Final Exam 2 time(s). You are allowed a total of 2 failures before you fail the entire course and will have to take the entire course again.<br/>
---- Test Failed. Please check the console or TestNg report for details<br/>
</div>
</td>
<td><div><pre>java.lang.AssertionError: null
	at courses.HunterEd.ExamTest.FinalExam_MaxAttemptAL(ExamTest.java:3339)
	at java.util.concurrent.ThreadPoolExecutor.runWorker(ThreadPoolExecutor.java:1145)
	at java.util.concurrent.ThreadPoolExecutor$Worker.run(ThreadPoolExecutor.java:615)
	at java.lang.Thread.run(Thread.java:745)
... Removed 12 stack frames</pre></div><a href='#' onClick='toggleBox("stack-trace834620965", this, "Click to show all stack frames", "Click to hide stack frames")'>Click to show all stack frames</a>
<div class='stack-trace' id='stack-trace834620965'><pre>java.lang.AssertionError: null
	at org.testng.Assert.fail(Assert.java:94)
	at org.testng.Assert.fail(Assert.java:101)
	at courses.HunterEd.ExamTest.FinalExam_MaxAttemptAL(ExamTest.java:3339)
	at sun.reflect.NativeMethodAccessorImpl.invoke0(Native Method)
	at sun.reflect.NativeMethodAccessorImpl.invoke(NativeMethodAccessorImpl.java:57)
	at sun.reflect.DelegatingMethodAccessorImpl.invoke(DelegatingMethodAccessorImpl.java:43)
	at java.lang.reflect.Method.invoke(Method.java:606)
	at org.testng.internal.MethodInvocationHelper.invokeMethod(MethodInvocationHelper.java:84)
	at org.testng.internal.Invoker.invokeMethod(Invoker.java:714)
	at org.testng.internal.Invoker.invokeTestMethod(Invoker.java:901)
	at org.testng.internal.Invoker.invokeTestMethods(Invoker.java:1231)
	at org.testng.internal.TestMethodWorker.invokeTestMethods(TestMethodWorker.java:127)
	at org.testng.internal.TestMethodWorker.run(TestMethodWorker.java:111)
	at java.util.concurrent.ThreadPoolExecutor.runWorker(ThreadPoolExecutor.java:1145)
	at java.util.concurrent.ThreadPoolExecutor$Worker.run(ThreadPoolExecutor.java:615)
	at java.lang.Thread.run(Thread.java:745)
</pre></div></td>
<td>498</td>
<td>courses.HunterEd.ExamTest@55356db6</td></tr>
<tr>
<td title='courses.HunterEd.ExamTest.FinalExam_MaxAttemptIL()'><b>FinalExam_MaxAttemptIL</b><br>Test class: courses.HunterEd.ExamTest<br/>
<a href="#Output-190586441" onClick='toggleBox("Output-190586441", this, "Show output", "Hide output");'>Show output</a>

<a href="#Output-190586441" onClick="toggleAllBoxes();">Show all outputs</a>
<div class='log' id="Output-190586441">
====
Test 16 :    Final Exam : To verify max exam attempts for Today's Hunter in Illinois Course 
====<br/>
Step 1: Signing up as new User<br/>
Step 3 : Editing all fields (i.e. Gender, , Email Address, Mailing Address) and clicking on 'Update Profile' button<br/>
Step 2 : Navigating on KE Cousers Admin and performing 'Fast Forward Fail' and navigating back to Exam result page<br/>
Step 3 : Verifying Final Exam result page when result = Fail<br/>
-- Success !! Correct page header i.e. Field Day Qualification Exam<br/>
-- Success !! user is allowed to attemp exam 2 times<br/>
-- Attempting exam 2 time<br/>
Step 3 : Verifying Final Exam result page when result = Fail<br/>
-- Success !! Correct page header i.e. Field Day Qualification Exam<br/>
-- Failure !! user is NOT allowed to attemp exam 2 times . Expected : You have now failed the Field Day Qualification Exam 2 time(s). You are allowed a total of 2 failures before you fail the entire course and will have to take the entire course again.Actual : You have now failed the Field Day Qualification Exam a total of 1 time(s), which means that you have failed the course. In order to pass the course at this point, you will need to re-register for the course again and start from the very beginning.<br/>
---- Test Failed. Please check the console or TestNg report for details<br/>
</div>
</td>
<td><div><pre>java.lang.AssertionError: null
	at courses.HunterEd.ExamTest.FinalExam_MaxAttemptIL(ExamTest.java:3727)
	at java.util.concurrent.ThreadPoolExecutor.runWorker(ThreadPoolExecutor.java:1145)
	at java.util.concurrent.ThreadPoolExecutor$Worker.run(ThreadPoolExecutor.java:615)
	at java.lang.Thread.run(Thread.java:745)
... Removed 12 stack frames</pre></div><a href='#' onClick='toggleBox("stack-trace190586441", this, "Click to show all stack frames", "Click to hide stack frames")'>Click to show all stack frames</a>
<div class='stack-trace' id='stack-trace190586441'><pre>java.lang.AssertionError: null
	at org.testng.Assert.fail(Assert.java:94)
	at org.testng.Assert.fail(Assert.java:101)
	at courses.HunterEd.ExamTest.FinalExam_MaxAttemptIL(ExamTest.java:3727)
	at sun.reflect.NativeMethodAccessorImpl.invoke0(Native Method)
	at sun.reflect.NativeMethodAccessorImpl.invoke(NativeMethodAccessorImpl.java:57)
	at sun.reflect.DelegatingMethodAccessorImpl.invoke(DelegatingMethodAccessorImpl.java:43)
	at java.lang.reflect.Method.invoke(Method.java:606)
	at org.testng.internal.MethodInvocationHelper.invokeMethod(MethodInvocationHelper.java:84)
	at org.testng.internal.Invoker.invokeMethod(Invoker.java:714)
	at org.testng.internal.Invoker.invokeTestMethod(Invoker.java:901)
	at org.testng.internal.Invoker.invokeTestMethods(Invoker.java:1231)
	at org.testng.internal.TestMethodWorker.invokeTestMethods(TestMethodWorker.java:127)
	at org.testng.internal.TestMethodWorker.run(TestMethodWorker.java:111)
	at java.util.concurrent.ThreadPoolExecutor.runWorker(ThreadPoolExecutor.java:1145)
	at java.util.concurrent.ThreadPoolExecutor$Worker.run(ThreadPoolExecutor.java:615)
	at java.lang.Thread.run(Thread.java:745)
</pre></div></td>
<td>529</td>
<td>courses.HunterEd.ExamTest@55356db6</td></tr>
<tr>
<td title='courses.HunterEd.RegistrationNewTest.Registration_ValidationMessageForChooseUsername2()'><b>Registration_ValidationMessageForChooseUsername2</b><br>Test class: courses.HunterEd.RegistrationNewTest<br/>
<a href="#Output-586894708" onClick='toggleBox("Output-586894708", this, "Show output", "Hide output");'>Show output</a>

<a href="#Output-586894708" onClick="toggleAllBoxes();">Show all outputs</a>
<div class='log' id="Output-586894708">
====
Test 4 : Verify that validation message is displayed if input criteria doesn't match for 'Choose a Username' field B) if username is < 4 charater or >32 character
====<br/>
Step 1 : Navigate Applicaiton URL : https://qa1.hunter-ed.com<br/>
Step 2 : Navigate to Registration page : https://qa1.hunter-ed.com/texas<br/>
Step 3 : Entering < 4 charater in 'Choose a Username' field e.g abc<br/>
Step 4 : Entering data in other field and click on 'Create Account' button<br/>
Step 5 : Verifying whether validation messages are displayed for 'Choose a Username' field<br/>
</div>
</td>
<td><div><pre>org.openqa.selenium.NoSuchElementException: no such element: Unable to locate element: {&quot;method&quot;:&quot;css selector&quot;,&quot;selector&quot;:&quot;#StudentModel_uname + p&quot;}
  (Session info: chrome=55.0.2883.87)
  (Driver info: chromedriver=2.24.417431 (9aea000394714d2fbb20850021f6204f2256b9cf),platform=Windows NT 6.1.7601 SP1 x86_64) (WARNING: The server did not provide any stacktrace information)
Command duration or timeout: 15.03 seconds
For documentation on this error, please visit: http://seleniumhq.org/exceptions/no_such_element.html
Build info: version: &apos;2.48.2&apos;, revision: &apos;41bccdd10cf2c0560f637404c2d96164b67d9d67&apos;, time: &apos;2015-10-09 13:08:06&apos;
System info: host: &apos;Sarfaraj_Doni&apos;, ip: &apos;169.254.112.137&apos;, os.name: &apos;Windows 7&apos;, os.arch: &apos;amd64&apos;, os.version: &apos;6.1&apos;, java.version: &apos;1.7.0_71&apos;
*** Element info: {Using=css selector, value=#StudentModel_uname + p}
Session ID: a776c7045f654a5e05b5ed803216133d
Driver info: org.openqa.selenium.chrome.ChromeDriver
Capabilities [{platform=XP, acceptSslCerts=true, javascriptEnabled=true, browserName=chrome, chrome={userDataDir=C:\Users\SARFAR~1\AppData\Local\Temp\scoped_dir10580_21943, chromedriverVersion=2.24.417431 (9aea000394714d2fbb20850021f6204f2256b9cf)}, networkConnectionEnabled=false, rotatable=false, locationContextEnabled=true, mobileEmulationEnabled=false, version=55.0.2883.87, pageLoadStrategy=normal, takesHeapSnapshot=true, cssSelectorsEnabled=true, databaseEnabled=false, handlesAlerts=true, browserConnectionEnabled=false, webStorageEnabled=true, nativeEvents=true, hasTouchScreen=false, applicationCacheEnabled=false, takesScreenshot=true}]
	at org.openqa.selenium.remote.ErrorHandler.createThrowable(ErrorHandler.java:206)
	at org.openqa.selenium.remote.ErrorHandler.throwIfResponseFailed(ErrorHandler.java:158)
	at org.openqa.selenium.remote.RemoteWebDriver.execute(RemoteWebDriver.java:647)
	at org.openqa.selenium.remote.RemoteWebDriver.findElement(RemoteWebDriver.java:353)
	at org.openqa.selenium.remote.RemoteWebDriver.findElementByCssSelector(RemoteWebDriver.java:482)
	at org.openqa.selenium.By$ByCssSelector.findElement(By.java:430)
	at org.openqa.selenium.remote.RemoteWebDriver.findElement(RemoteWebDriver.java:345)
	at utility.SeleniumFunctions.GetElementText(SeleniumFunctions.java:178)
	at courses.HunterEd.RegistrationNewTest.Registration_ValidationMessageForChooseUsername2(RegistrationNewTest.java:420)
	at java.util.concurrent.ThreadPoolExecutor.runWorker(ThreadPoolExecutor.java:1145)
	at java.util.concurrent.ThreadPoolExecutor$Worker.run(ThreadPoolExecutor.java:615)
	at java.lang.Thread.run(Thread.java:745)
... Removed 14 stack frames</pre></div><a href='#' onClick='toggleBox("stack-trace586894708", this, "Click to show all stack frames", "Click to hide stack frames")'>Click to show all stack frames</a>
<div class='stack-trace' id='stack-trace586894708'><pre>org.openqa.selenium.NoSuchElementException: no such element: Unable to locate element: {&quot;method&quot;:&quot;css selector&quot;,&quot;selector&quot;:&quot;#StudentModel_uname + p&quot;}
  (Session info: chrome=55.0.2883.87)
  (Driver info: chromedriver=2.24.417431 (9aea000394714d2fbb20850021f6204f2256b9cf),platform=Windows NT 6.1.7601 SP1 x86_64) (WARNING: The server did not provide any stacktrace information)
Command duration or timeout: 15.03 seconds
For documentation on this error, please visit: http://seleniumhq.org/exceptions/no_such_element.html
Build info: version: &apos;2.48.2&apos;, revision: &apos;41bccdd10cf2c0560f637404c2d96164b67d9d67&apos;, time: &apos;2015-10-09 13:08:06&apos;
System info: host: &apos;Sarfaraj_Doni&apos;, ip: &apos;169.254.112.137&apos;, os.name: &apos;Windows 7&apos;, os.arch: &apos;amd64&apos;, os.version: &apos;6.1&apos;, java.version: &apos;1.7.0_71&apos;
*** Element info: {Using=css selector, value=#StudentModel_uname + p}
Session ID: a776c7045f654a5e05b5ed803216133d
Driver info: org.openqa.selenium.chrome.ChromeDriver
Capabilities [{platform=XP, acceptSslCerts=true, javascriptEnabled=true, browserName=chrome, chrome={userDataDir=C:\Users\SARFAR~1\AppData\Local\Temp\scoped_dir10580_21943, chromedriverVersion=2.24.417431 (9aea000394714d2fbb20850021f6204f2256b9cf)}, networkConnectionEnabled=false, rotatable=false, locationContextEnabled=true, mobileEmulationEnabled=false, version=55.0.2883.87, pageLoadStrategy=normal, takesHeapSnapshot=true, cssSelectorsEnabled=true, databaseEnabled=false, handlesAlerts=true, browserConnectionEnabled=false, webStorageEnabled=true, nativeEvents=true, hasTouchScreen=false, applicationCacheEnabled=false, takesScreenshot=true}]
	at sun.reflect.NativeConstructorAccessorImpl.newInstance0(Native Method)
	at sun.reflect.NativeConstructorAccessorImpl.newInstance(NativeConstructorAccessorImpl.java:57)
	at sun.reflect.DelegatingConstructorAccessorImpl.newInstance(DelegatingConstructorAccessorImpl.java:45)
	at java.lang.reflect.Constructor.newInstance(Constructor.java:526)
	at org.openqa.selenium.remote.ErrorHandler.createThrowable(ErrorHandler.java:206)
	at org.openqa.selenium.remote.ErrorHandler.throwIfResponseFailed(ErrorHandler.java:158)
	at org.openqa.selenium.remote.RemoteWebDriver.execute(RemoteWebDriver.java:647)
	at org.openqa.selenium.remote.RemoteWebDriver.findElement(RemoteWebDriver.java:353)
	at org.openqa.selenium.remote.RemoteWebDriver.findElementByCssSelector(RemoteWebDriver.java:482)
	at org.openqa.selenium.By$ByCssSelector.findElement(By.java:430)
	at org.openqa.selenium.remote.RemoteWebDriver.findElement(RemoteWebDriver.java:345)
	at utility.SeleniumFunctions.GetElementText(SeleniumFunctions.java:178)
	at courses.HunterEd.RegistrationNewTest.Registration_ValidationMessageForChooseUsername2(RegistrationNewTest.java:420)
	at sun.reflect.NativeMethodAccessorImpl.invoke0(Native Method)
	at sun.reflect.NativeMethodAccessorImpl.invoke(NativeMethodAccessorImpl.java:57)
	at sun.reflect.DelegatingMethodAccessorImpl.invoke(DelegatingMethodAccessorImpl.java:43)
	at java.lang.reflect.Method.invoke(Method.java:606)
	at org.testng.internal.MethodInvocationHelper.invokeMethod(MethodInvocationHelper.java:84)
	at org.testng.internal.Invoker.invokeMethod(Invoker.java:714)
	at org.testng.internal.Invoker.invokeTestMethod(Invoker.java:901)
	at org.testng.internal.Invoker.invokeTestMethods(Invoker.java:1231)
	at org.testng.internal.TestMethodWorker.invokeTestMethods(TestMethodWorker.java:127)
	at org.testng.internal.TestMethodWorker.run(TestMethodWorker.java:111)
	at java.util.concurrent.ThreadPoolExecutor.runWorker(ThreadPoolExecutor.java:1145)
	at java.util.concurrent.ThreadPoolExecutor$Worker.run(ThreadPoolExecutor.java:615)
	at java.lang.Thread.run(Thread.java:745)
</pre></div></td>
<td>148</td>
<td>courses.HunterEd.RegistrationNewTest@4ea2b99f</td></tr>
<tr>
<td title='courses.HunterEd.CommonCases.TrushPilotReview()'><b>TrushPilotReview</b><br>Test class: courses.HunterEd.CommonCases<br/>
<a href="#Output-1641490859" onClick='toggleBox("Output-1641490859", this, "Show output", "Hide output");'>Show output</a>

<a href="#Output-1641490859" onClick="toggleAllBoxes();">Show all outputs</a>
<div class='log' id="Output-1641490859">
====
Test 1 : Trust pilot reviews  displayed on root and state landing pages
====<br/>
Step 1: Navigated to home page and verifying UI elements<br/>
Step 2: Verify Trust Pilot section is present at course landing page<br/>
Success!! Trust Pilot section is present<br/>
Success!! Trust Pilot section has correct text. i.e.Get Safe. Get Certified.<br/>
Step 3: Verify Trust Pilot section is present at state landing page<br/>
Failure !! Trust Pilot section is NOT present at state landing page<br/>
---- Test Failed. Please check the console or TestNg report for details<br/>
</div>
</td>
<td><div><pre>java.lang.AssertionError: null
	at courses.HunterEd.CommonCases.TrushPilotReview(CommonCases.java:2015)
	at java.util.concurrent.ThreadPoolExecutor.runWorker(ThreadPoolExecutor.java:1145)
	at java.util.concurrent.ThreadPoolExecutor$Worker.run(ThreadPoolExecutor.java:615)
	at java.lang.Thread.run(Thread.java:745)
... Removed 12 stack frames</pre></div><a href='#' onClick='toggleBox("stack-trace1641490859", this, "Click to show all stack frames", "Click to hide stack frames")'>Click to show all stack frames</a>
<div class='stack-trace' id='stack-trace1641490859'><pre>java.lang.AssertionError: null
	at org.testng.Assert.fail(Assert.java:94)
	at org.testng.Assert.fail(Assert.java:101)
	at courses.HunterEd.CommonCases.TrushPilotReview(CommonCases.java:2015)
	at sun.reflect.NativeMethodAccessorImpl.invoke0(Native Method)
	at sun.reflect.NativeMethodAccessorImpl.invoke(NativeMethodAccessorImpl.java:57)
	at sun.reflect.DelegatingMethodAccessorImpl.invoke(DelegatingMethodAccessorImpl.java:43)
	at java.lang.reflect.Method.invoke(Method.java:606)
	at org.testng.internal.MethodInvocationHelper.invokeMethod(MethodInvocationHelper.java:84)
	at org.testng.internal.Invoker.invokeMethod(Invoker.java:714)
	at org.testng.internal.Invoker.invokeTestMethod(Invoker.java:901)
	at org.testng.internal.Invoker.invokeTestMethods(Invoker.java:1231)
	at org.testng.internal.TestMethodWorker.invokeTestMethods(TestMethodWorker.java:127)
	at org.testng.internal.TestMethodWorker.run(TestMethodWorker.java:111)
	at java.util.concurrent.ThreadPoolExecutor.runWorker(ThreadPoolExecutor.java:1145)
	at java.util.concurrent.ThreadPoolExecutor$Worker.run(ThreadPoolExecutor.java:615)
	at java.lang.Thread.run(Thread.java:745)
</pre></div></td>
<td>55</td>
<td>courses.HunterEd.CommonCases@665c5a83</td></tr>
<tr>
<td title='courses.HunterEd.SpecialCases.VerifyPowderHookMapsPage()'><b>VerifyPowderHookMapsPage</b><br>Test class: courses.HunterEd.SpecialCases<br/>
<a href="#Output-1418539859" onClick='toggleBox("Output-1418539859", this, "Show output", "Hide output");'>Show output</a>

<a href="#Output-1418539859" onClick="toggleAllBoxes();">Show all outputs</a>
<div class='log' id="Output-1418539859">
====
Test 8 : Verify that user can land on page with the Powder Hook maps app
====<br/>
Step 1: Step 1: Navigating to page with the Powder Hook maps app i.e. /places-to-hunt/ <br/>
Success!! User is navigated to /places-to-hunt/ successfully  i.e. https://qa1.hunter-ed.com/places-to-hunt/<br/>
</div>
</td>
<td><div><pre>org.openqa.selenium.NoSuchElementException: no such element: Unable to locate element: {&quot;method&quot;:&quot;id&quot;,&quot;selector&quot;:&quot;logo&quot;}
  (Session info: chrome=55.0.2883.87)
  (Driver info: chromedriver=2.24.417431 (9aea000394714d2fbb20850021f6204f2256b9cf),platform=Windows NT 6.1.7601 SP1 x86_64) (WARNING: The server did not provide any stacktrace information)
Command duration or timeout: 15.02 seconds
For documentation on this error, please visit: http://seleniumhq.org/exceptions/no_such_element.html
Build info: version: &apos;2.48.2&apos;, revision: &apos;41bccdd10cf2c0560f637404c2d96164b67d9d67&apos;, time: &apos;2015-10-09 13:08:06&apos;
System info: host: &apos;Sarfaraj_Doni&apos;, ip: &apos;169.254.112.137&apos;, os.name: &apos;Windows 7&apos;, os.arch: &apos;amd64&apos;, os.version: &apos;6.1&apos;, java.version: &apos;1.7.0_71&apos;
*** Element info: {Using=id, value=logo}
Session ID: c5d42ba56ea367087c5ff1af4cd1acbe
Driver info: org.openqa.selenium.chrome.ChromeDriver
Capabilities [{platform=XP, acceptSslCerts=true, javascriptEnabled=true, browserName=chrome, chrome={userDataDir=C:\Users\SARFAR~1\AppData\Local\Temp\scoped_dir11408_27956, chromedriverVersion=2.24.417431 (9aea000394714d2fbb20850021f6204f2256b9cf)}, networkConnectionEnabled=false, rotatable=false, locationContextEnabled=true, mobileEmulationEnabled=false, version=55.0.2883.87, pageLoadStrategy=normal, takesHeapSnapshot=true, cssSelectorsEnabled=true, databaseEnabled=false, handlesAlerts=true, browserConnectionEnabled=false, webStorageEnabled=true, nativeEvents=true, hasTouchScreen=false, applicationCacheEnabled=false, takesScreenshot=true}]
	at org.openqa.selenium.remote.ErrorHandler.createThrowable(ErrorHandler.java:206)
	at org.openqa.selenium.remote.ErrorHandler.throwIfResponseFailed(ErrorHandler.java:158)
	at org.openqa.selenium.remote.RemoteWebDriver.execute(RemoteWebDriver.java:647)
	at org.openqa.selenium.remote.RemoteWebDriver.findElement(RemoteWebDriver.java:353)
	at org.openqa.selenium.remote.RemoteWebDriver.findElementById(RemoteWebDriver.java:403)
	at org.openqa.selenium.By$ById.findElement(By.java:218)
	at org.openqa.selenium.remote.RemoteWebDriver.findElement(RemoteWebDriver.java:345)
	at utility.SeleniumFunctions.GetAttributeValue(SeleniumFunctions.java:276)
	at courses.HunterEd.SpecialCases.VerifyPowderHookMapsPage(SpecialCases.java:835)
	at java.util.concurrent.ThreadPoolExecutor.runWorker(ThreadPoolExecutor.java:1145)
	at java.util.concurrent.ThreadPoolExecutor$Worker.run(ThreadPoolExecutor.java:615)
	at java.lang.Thread.run(Thread.java:745)
... Removed 13 stack frames</pre></div><a href='#' onClick='toggleBox("stack-trace1418539859", this, "Click to show all stack frames", "Click to hide stack frames")'>Click to show all stack frames</a>
<div class='stack-trace' id='stack-trace1418539859'><pre>org.openqa.selenium.NoSuchElementException: no such element: Unable to locate element: {&quot;method&quot;:&quot;id&quot;,&quot;selector&quot;:&quot;logo&quot;}
  (Session info: chrome=55.0.2883.87)
  (Driver info: chromedriver=2.24.417431 (9aea000394714d2fbb20850021f6204f2256b9cf),platform=Windows NT 6.1.7601 SP1 x86_64) (WARNING: The server did not provide any stacktrace information)
Command duration or timeout: 15.02 seconds
For documentation on this error, please visit: http://seleniumhq.org/exceptions/no_such_element.html
Build info: version: &apos;2.48.2&apos;, revision: &apos;41bccdd10cf2c0560f637404c2d96164b67d9d67&apos;, time: &apos;2015-10-09 13:08:06&apos;
System info: host: &apos;Sarfaraj_Doni&apos;, ip: &apos;169.254.112.137&apos;, os.name: &apos;Windows 7&apos;, os.arch: &apos;amd64&apos;, os.version: &apos;6.1&apos;, java.version: &apos;1.7.0_71&apos;
*** Element info: {Using=id, value=logo}
Session ID: c5d42ba56ea367087c5ff1af4cd1acbe
Driver info: org.openqa.selenium.chrome.ChromeDriver
Capabilities [{platform=XP, acceptSslCerts=true, javascriptEnabled=true, browserName=chrome, chrome={userDataDir=C:\Users\SARFAR~1\AppData\Local\Temp\scoped_dir11408_27956, chromedriverVersion=2.24.417431 (9aea000394714d2fbb20850021f6204f2256b9cf)}, networkConnectionEnabled=false, rotatable=false, locationContextEnabled=true, mobileEmulationEnabled=false, version=55.0.2883.87, pageLoadStrategy=normal, takesHeapSnapshot=true, cssSelectorsEnabled=true, databaseEnabled=false, handlesAlerts=true, browserConnectionEnabled=false, webStorageEnabled=true, nativeEvents=true, hasTouchScreen=false, applicationCacheEnabled=false, takesScreenshot=true}]
	at sun.reflect.GeneratedConstructorAccessor19.newInstance(Unknown Source)
	at sun.reflect.DelegatingConstructorAccessorImpl.newInstance(DelegatingConstructorAccessorImpl.java:45)
	at java.lang.reflect.Constructor.newInstance(Constructor.java:526)
	at org.openqa.selenium.remote.ErrorHandler.createThrowable(ErrorHandler.java:206)
	at org.openqa.selenium.remote.ErrorHandler.throwIfResponseFailed(ErrorHandler.java:158)
	at org.openqa.selenium.remote.RemoteWebDriver.execute(RemoteWebDriver.java:647)
	at org.openqa.selenium.remote.RemoteWebDriver.findElement(RemoteWebDriver.java:353)
	at org.openqa.selenium.remote.RemoteWebDriver.findElementById(RemoteWebDriver.java:403)
	at org.openqa.selenium.By$ById.findElement(By.java:218)
	at org.openqa.selenium.remote.RemoteWebDriver.findElement(RemoteWebDriver.java:345)
	at utility.SeleniumFunctions.GetAttributeValue(SeleniumFunctions.java:276)
	at courses.HunterEd.SpecialCases.VerifyPowderHookMapsPage(SpecialCases.java:835)
	at sun.reflect.NativeMethodAccessorImpl.invoke0(Native Method)
	at sun.reflect.NativeMethodAccessorImpl.invoke(NativeMethodAccessorImpl.java:57)
	at sun.reflect.DelegatingMethodAccessorImpl.invoke(DelegatingMethodAccessorImpl.java:43)
	at java.lang.reflect.Method.invoke(Method.java:606)
	at org.testng.internal.MethodInvocationHelper.invokeMethod(MethodInvocationHelper.java:84)
	at org.testng.internal.Invoker.invokeMethod(Invoker.java:714)
	at org.testng.internal.Invoker.invokeTestMethod(Invoker.java:901)
	at org.testng.internal.Invoker.invokeTestMethods(Invoker.java:1231)
	at org.testng.internal.TestMethodWorker.invokeTestMethods(TestMethodWorker.java:127)
	at org.testng.internal.TestMethodWorker.run(TestMethodWorker.java:111)
	at java.util.concurrent.ThreadPoolExecutor.runWorker(ThreadPoolExecutor.java:1145)
	at java.util.concurrent.ThreadPoolExecutor$Worker.run(ThreadPoolExecutor.java:615)
	at java.lang.Thread.run(Thread.java:745)
</pre></div></td>
<td>85</td>
<td>courses.HunterEd.SpecialCases@583a2d43</td></tr>
</table><p>
<table width='100%' border='1' class='invocation-passed'>
<tr><td colspan='4' align='center'><b>PASSED TESTS</b></td></tr>
<tr><td><b>Test method</b></td>
<td width="30%"><b>Exception</b></td>
<td width="10%"><b>Time (seconds)</b></td>
<td><b>Instance</b></td>
</tr>
<tr>
<td title='courses.HunterEd.CourseContentsAndQuizzesTest.Contents_ContentVerification()'><b>Contents_ContentVerification</b><br>Test class: courses.HunterEd.CourseContentsAndQuizzesTest<br/>
<a href="#Output-483556444" onClick='toggleBox("Output-483556444", this, "Show output", "Hide output");'>Show output</a>

<a href="#Output-483556444" onClick="toggleAllBoxes();">Show all outputs</a>
<div class='log' id="Output-483556444">
====
Test 17 : Verify Course content is properly displayed
====<br/>
Step 1: Signing up as new User<br/>
Step 2 : On Contents page, verifying Page Header, Introduction Text, Units, Exams related text<br/>
Success !! Page header is correct<br/>
Success !! Introduction text is correct<br/>
Success !! Unit 1 is present<br/>
Success !! Unit 2 is present<br/>
Success !! Unit 3 is present<br/>
Success !! Unit 4 is present<br/>
Success !! Unit 5 is present<br/>
Success !! Unit 6 is present<br/>
Success !! Unit 7 is present<br/>
Success !! Unit 8 is present<br/>
Success !! 'Final Exam' and 'Practice Exam' links are present<br/>
</div>
</td>
<td></td>
<td>148</td>
<td>courses.HunterEd.CourseContentsAndQuizzesTest@1d7f1f92</td></tr>
<tr>
<td title='courses.HunterEd.CommonCases.Footer_UIElementVarification()'><b>Footer_UIElementVarification</b><br>Test class: courses.HunterEd.CommonCases<br/>
<a href="#Output-378918998" onClick='toggleBox("Output-378918998", this, "Show output", "Hide output");'>Show output</a>

<a href="#Output-378918998" onClick="toggleAllBoxes();">Show all outputs</a>
<div class='log' id="Output-378918998">
====
Test 8 : Footer - Verify page footer elements (before and after login)
====<br/>
Step 1: Navigate to application state specific page<br/>
Success!! 'About Hunter Ed' section has correct text We provide print and Internet hunting safety courses for more than 45 states. Hunter Ed is committed to hunter education safety. We work with state agencies to produce a hunter safety education course that’s accurate, interesting, and easy to understand.<br/>
Success!! footer has 'Follow us here' section i.e. Follow Us
Hunter Ed blog Facebook Twitter Google + Pinterest YouTube<br/>
Success!! footer has 'Sister links' section i.e. More Online Recreational Safety Courses from Kalkomey<br/>
Success!! footer has 'About Kalkomey Enterprises, Inc.' section i.e. About Kalkomey Enterprises, Inc.<br/>
Success!! footer has 'Customer Support' section i.e. Customer Support<br/>
Step 2: Signing up as new user <br/>
Success!! footer has correct Social links i.e. TwitterFacebookPinterestYouTubeGoogle +Hunter Ed bloghttps://twitter.com/hunter_edhttps://www.facebook.com/hunterEdcomhttps://pinterest.com/hunteredcomhttps://youtube.com/kalkomeyhttps://plus.google.com/104347826810491487931/postshttp://www.hunter-ed.com/blog<br/>
Success!! footer has correct sister sites links i.e. boat-ed.comhunter-ed.combowhunter-ed.comoffroad-ed.comsnowmobile-ed.comhandgunsafetycourse.comhttps://www.boat-ed.com/https://www.hunter-ed.com/https://www.bowhunter-ed.com/https://www.offroad-ed.com/https://www.snowmobile-ed.com/https://www.handgunsafetycourse.com/<br/>
</div>
</td>
<td></td>
<td>161</td>
<td>courses.HunterEd.CommonCases@665c5a83</td></tr>
<tr>
<td title='courses.HunterEd.CommonCases.Home_UIElementVerification()'><b>Home_UIElementVerification</b><br>Test class: courses.HunterEd.CommonCases<br/>
<a href="#Output-1989995367" onClick='toggleBox("Output-1989995367", this, "Show output", "Hide output");'>Show output</a>

<a href="#Output-1989995367" onClick="toggleAllBoxes();">Show all outputs</a>
<div class='log' id="Output-1989995367">
====
Test 1 : Home - Verify UI elements on home page e.g. qa1.hunter-ed.com
====<br/>
Step 1: Navigated to home page and verifying UI elements<br/>
Success!! Header has correct application name i.e. Hunter-ed.com<br/>
Success!! Header has 'Login' button<br/>
Success!! Billboard has correct text  i.e. Official Hunter Safety Courses
for Today’s Hunter<br/>
Success!! Billboard has 'Choose Your State' dropdown<br/>
Success!! 'States' section is present on page<br/>
</div>
</td>
<td></td>
<td>58</td>
<td>courses.HunterEd.CommonCases@665c5a83</td></tr>
<tr>
<td title='courses.HunterEd.SpecialCases.Payment_AL_FeesPaid()'><b>Payment_AL_FeesPaid</b><br>Test class: courses.HunterEd.SpecialCases<br/>
<a href="#Output-92836252" onClick='toggleBox("Output-92836252", this, "Show output", "Hide output");'>Show output</a>

<a href="#Output-92836252" onClick="toggleAllBoxes();">Show all outputs</a>
<div class='log' id="Output-92836252">
====
Test 2 : Payment - AL > Only display fees paid by student
====<br/>
Step 1: Signing up as new User<br/>
Step 2 : Editing all fields (i.e. Gender, , Email Address, Mailing Address) and clicking on 'Update Profile' button<br/>
Step 3 : Navigating on KE Cousers Admin and performing 'Fast Forward Pass' and navigating back to Exam result page<br/>
Step 3 : Clicking on 'Complete the Application' button<br/>
-- Success !! 'Complete the Application' button is working as expected<br/>
Step 4 : On Application page - Stage 1 : Certification Information ,  updating User info, Contact info, navigating to Step 2 - Payment Informaiton page<br/>
-- Success !! user is navigated to step 2 ( i.e. Payment Information)<br/>
Step 5 : On Payment Information page - Stage 2 , , verfiying Course Fees information<br/>
-- Success !! Course Fee is correct i.e. $24.50<br/>
</div>
</td>
<td></td>
<td>366</td>
<td>courses.HunterEd.SpecialCases@583a2d43</td></tr>
<tr>
<td title='courses.HunterEd.RegistrationNewTest.Registration_InputDataMessageCheck()'><b>Registration_InputDataMessageCheck</b><br>Test class: courses.HunterEd.RegistrationNewTest<br/>
<a href="#Output-296959950" onClick='toggleBox("Output-296959950", this, "Show output", "Hide output");'>Show output</a>

<a href="#Output-296959950" onClick="toggleAllBoxes();">Show all outputs</a>
<div class='log' id="Output-296959950">
====
Test 10 : Verify that accepted input data massage is displayed (for all fields)
====<br/>
Step 1 : Navigate Applicaiton URL : https://qa1.hunter-ed.com<br/>
Step 2 : Navigate to Registration page : https://qa1.hunter-ed.com/texas<br/>
Step 3 : Verifying input data message text for 'Choose a Username' field<br/>
Success!! input data message text is correctly displayed for 'Choose a Username' field<br/>
</div>
</td>
<td></td>
<td>115</td>
<td>courses.HunterEd.RegistrationNewTest@4ea2b99f</td></tr>
<tr>
<td title='courses.HunterEd.RegistrationNewTest.Registration_ResidencyRequirement()'><b>Registration_ResidencyRequirement</b><br>Test class: courses.HunterEd.RegistrationNewTest<br>Parameters: /alabama<br/>
<a href="#Output-1083052850" onClick='toggleBox("Output-1083052850", this, "Show output", "Hide output");'>Show output</a>

<a href="#Output-1083052850" onClick="toggleAllBoxes();">Show all outputs</a>
<div class='log' id="Output-1083052850">
====
Test 12 : Verify Residency requirement is enforced (if the State has a requirement for the safety certificate. ) for registration 
====<br/>
Step 1 : Navigate Applicaiton URL : https://qa1.hunter-ed.com<br/>
Step 2 : Navigate to Registration page : https://qa1.hunter-ed.com/alabama<br/>
Step 3 : Filling registration form and clicking on 'Create Account' button without selecting checkbox for 'Residency in the State_Hunter Requirement'<br/>
Step 4 : Verifying whether validation message is dispalyed for 'Residency in the State_Hunter Requirement' checkbox<br/>
Success!! Correct validation message is displayed<br/>
Step 5 : Selecting checkbox for 'Residency in the State_Hunter Requirement' and clicking on 'Create Account'<br/>
Step 6 : Verifying whether user is registered successfully or not<br/>
Success !! 'Save & Log Out' link is present<br/>
Success !! Username is correct<br/>
</div>
</td>
<td></td>
<td>171</td>
<td>courses.HunterEd.RegistrationNewTest@4ea2b99f</td></tr>
<tr>
<td title='courses.HunterEd.RegistrationNewTest.Registration_ResidencyRequirement()'><b>Registration_ResidencyRequirement</b><br>Test class: courses.HunterEd.RegistrationNewTest<br>Parameters: /indiana/<br/>
<a href="#Output-1831909779" onClick='toggleBox("Output-1831909779", this, "Show output", "Hide output");'>Show output</a>

<a href="#Output-1831909779" onClick="toggleAllBoxes();">Show all outputs</a>
<div class='log' id="Output-1831909779">
====
Test 12 : Verify Residency requirement is enforced (if the State has a requirement for the safety certificate. ) for registration 
====<br/>
Step 1 : Navigate Applicaiton URL : https://qa1.hunter-ed.com<br/>
Step 2 : Navigate to Registration page : https://qa1.hunter-ed.com/indiana/<br/>
Step 3 : Filling registration form and clicking on 'Create Account' button without selecting checkbox for 'Residency in the State_Hunter Requirement'<br/>
Step 4 : Verifying whether validation message is dispalyed for 'Residency in the State_Hunter Requirement' checkbox<br/>
Success!! Correct validation message is displayed<br/>
Step 5 : Selecting checkbox for 'Residency in the State_Hunter Requirement' and clicking on 'Create Account'<br/>
Step 6 : Verifying whether user is registered successfully or not<br/>
Success !! 'Save & Log Out' link is present<br/>
Success !! Username is correct<br/>
</div>
</td>
<td></td>
<td>164</td>
<td>courses.HunterEd.RegistrationNewTest@4ea2b99f</td></tr>
<tr>
<td title='courses.HunterEd.RegistrationNewTest.Registration_ValidationMessageForDOB1()'><b>Registration_ValidationMessageForDOB1</b><br>Test class: courses.HunterEd.RegistrationNewTest<br/>
<a href="#Output-1349382820" onClick='toggleBox("Output-1349382820", this, "Show output", "Hide output");'>Show output</a>

<a href="#Output-1349382820" onClick="toggleAllBoxes();">Show all outputs</a>
<div class='log' id="Output-1349382820">
====
Test 5 : Verify that validation message is displayed if input criteria doesn't match for 'Date of Birth' field A) if year field has >4 chars
====<br/>
Step 1 : Navigate Applicaiton URL : https://qa1.hunter-ed.com<br/>
Step 2 : Navigate to Registration page : https://qa1.hunter-ed.com/texas<br/>
Step 3 : Entering <4 characters in DOB 'Year' field e.g 123<br/>
Step 4 : Verifying whether validation messages are displayed for DOB 'Year' field<br/>
Success !! correct validation messages are displayed for mandatory fields<br/>
</div>
</td>
<td></td>
<td>129</td>
<td>courses.HunterEd.RegistrationNewTest@4ea2b99f</td></tr>
<tr>
<td title='courses.HunterEd.RegistrationNewTest.Registration_ValidationMessageForMandatoryFields()'><b>Registration_ValidationMessageForMandatoryFields</b><br>Test class: courses.HunterEd.RegistrationNewTest<br/>
<a href="#Output-656328142" onClick='toggleBox("Output-656328142", this, "Show output", "Hide output");'>Show output</a>

<a href="#Output-656328142" onClick="toggleAllBoxes();">Show all outputs</a>
<div class='log' id="Output-656328142">
====
Test 2 : Verify that validation messages are displayed for mandatory fields
====<br/>
Step 1 : Navigate Applicaiton URL : https://qa1.hunter-ed.com<br/>
Step 2 : Navigate to Registration page : https://qa1.hunter-ed.com/texas<br/>
Step 3 : Clicking on 'Create Account' button without entering any data on registration page<br/>
Step 4 : Verifying whether validation messages are displayed for mandatory fields<br/>
Success !! correct validation messages are displayed for mandatory fields<br/>
</div>
</td>
<td></td>
<td>132</td>
<td>courses.HunterEd.RegistrationNewTest@4ea2b99f</td></tr>
<tr>
<td title='courses.HunterEd.CommonCases.State_Home_UIElementVerification()'><b>State_Home_UIElementVerification</b><br>Test class: courses.HunterEd.CommonCases<br/>
<a href="#Output-649761185" onClick='toggleBox("Output-649761185", this, "Show output", "Hide output");'>Show output</a>

<a href="#Output-649761185" onClick="toggleAllBoxes();">Show all outputs</a>
<div class='log' id="Output-649761185">
====
Test 13 : State - Home  - Verify UI elements on home page e.g. qa1.hunter-ed.com/alabama
====<br/>
Step 1: Navigated to statehome page and verifying UI elements<br/>
Success!! Header has correct application name i.e. Texas Hunter Ed Course<br/>
Success!! Billboard has correct text  i.e. Official Texas Hunter Safety Course Online
 Take this Texas–approved course to complete your online hunter safety education.<br/>
Success!!'Comprehensive Course' section has correct text  i.e. Comprehensive Instruction in Texas Hunting Safety Education<br/>
</div>
</td>
<td></td>
<td>21</td>
<td>courses.HunterEd.CommonCases@665c5a83</td></tr>
<tr>
<td title='courses.HunterEd.StudyGuideTest.StudyGuide_Content_Verification()'><b>StudyGuide_Content_Verification</b><br>Test class: courses.HunterEd.StudyGuideTest<br/>
<a href="#Output-1708118864" onClick='toggleBox("Output-1708118864", this, "Show output", "Hide output");'>Show output</a>

<a href="#Output-1708118864" onClick="toggleAllBoxes();">Show all outputs</a>
<div class='log' id="Output-1708118864">
====
Test 3 : Verify Contents of Study Guide page
====<br/>
Step 1: Navigating State specific page for course<br/>
Step 2 : Click on 'Study Guide' link<br/>
Step 3 : Verifying contents on 'Study Guide' page<br/>
-- Success !! About section has correct heading i.e. About the Study Guide<br/>
-- Success !! About section has correct text i.e. You are looking at a preview of what’s in the timed Arkansas Hunter Ed Course. Feel free to look around, but you’ll need to register to begin progress toward getting your Hunter Education Certificate.<br/>
-- Success !! 'Learn More' button is presentLearn More<br/>
-- Success !! 'Register for the Course' button is presentRegister for the Course<br/>
-- Success !! Content section has correct header i.e. Study Guide for Hunter Education Certificate<br/>
Step 4 : Clicking on 'Learn More' button<br/>
-- Success !! user is navigated to Course page i.e. https://qa1.hunter-ed.com/arkansas/<br/>
Step 5 : Clicking on 'Register for the Course' button<br/>
-- Success !! user is navigated to Course registration page i.e. https://qa1.hunter-ed.com/arkansas/sign-up/<br/>
Step 6 : Verifying whether Units/Topics are displayed on page<br/>
-- Success !! Unit 1 is present on page<br/>
-- Success !! Topic 1 is present on page<br/>
-- Success !! Unit 2 is present on page<br/>
-- Success !! Topic 2 is present on page<br/>
-- Success !! Unit 3 is present on page<br/>
-- Success !! Topic 3 is present on page<br/>
-- Success !! Unit 4 is present on page<br/>
-- Success !! Topic 4 is present on page<br/>
-- Success !! Unit 5 is present on page<br/>
-- Success !! Topic 5 is present on page<br/>
-- Success !! Unit 6 is present on page<br/>
-- Success !! Topic 6 is present on page<br/>
Step 7 : Verifying whether Quiz/Exmas are displayed on page<br/>
-- Success !! Quiz is NOT present on page<br/>
-- Success !! Practice Exam is NOT present on page<br/>
</div>
</td>
<td></td>
<td>141</td>
<td>courses.HunterEd.StudyGuideTest@5371b6f5</td></tr>
</table><p>
</body>
</html>