<?xml version="1.0" encoding="UTF-8"?>
<!-- Generated by org.testng.reporters.JUnitXMLReporter -->
<testsuite hostname="Sarfaraj_Doni" name="Bowhunter-Ed Automation Run on Internet Explorer(failed)" tests="6" failures="0" timestamp="7 Feb 2017 12:17:50 GMT" time="1759.496" errors="0">
  <testcase name="Untimed_AccessTopicRandomly" time="380.336" classname="courses.BowhunterEd.UntimedCourseTest"/>
  <testcase name="Registration_ResidencyRequirement" time="179.532" classname="courses.BowhunterEd.RegistrationTest"/>
  <testcase name="Registration_MimAgeValidation" time="233.829" classname="courses.BowhunterEd.RegistrationTest"/>
  <testcase name="Contents_ContinueLeftOffButtonWorkingAsExpected" time="288.171" classname="courses.BowhunterEd.CourseContentsAndQuizzesTest"/>
  <testcase name="Contents_NextButton_Timer_Tooltip" time="186.37" classname="courses.BowhunterEd.CourseContentsAndQuizzesTest"/>
  <testcase name="Contents_VerifyUnitTopicPageNumber" time="270.71" classname="courses.BowhunterEd.CourseContentsAndQuizzesTest"/>
</testsuite> <!-- Bowhunter-Ed Automation Run on Internet Explorer(failed) -->
